<?xml version="1.0" encoding="UTF-8"?>
<testsuite name="Case"
           tests="2"
           failures="1"
           errors="0"
           skipped="1"
           time="0.000">
  <properties />
            <testcase name="endTest" time="0.000" classname="info.catarc.webdriver.testcases.login.LoginPage_004_LoginXXXFunction">
                <failure type="java.lang.AssertionError"
                  message="浏览器driver没有获得对象,退出操作失败"
              >
<![CDATA[java.lang.AssertionError: 浏览器driver没有获得对象,退出操作失败
  org.testng.Assert.fail(Assert.java:94)
  info.catarc.webdriver.base.BaseParpare.endTest(BaseParpare.java:73)
  sun.reflect.NativeMethodAccessorImpl.invoke0(Native Method)
  sun.reflect.NativeMethodAccessorImpl.invoke(NativeMethodAccessorImpl.java:62)
  sun.reflect.DelegatingMethodAccessorImpl.invoke(DelegatingMethodAccessorImpl.java:43)
  java.lang.reflect.Method.invoke(Method.java:497)
  org.testng.internal.MethodInvocationHelper.invokeMethod(MethodInvocationHelper.java:86)
  org.testng.internal.Invoker.invokeConfigurationMethod(Invoker.java:514)
  org.testng.internal.Invoker.invokeConfigurations(Invoker.java:215)
  org.testng.internal.Invoker.invokeConfigurations(Invoker.java:142)
  org.testng.internal.TestMethodWorker.invokeAfterClassMethods(TestMethodWorker.java:232)
  org.testng.internal.TestMethodWorker.run(TestMethodWorker.java:115)
  org.testng.TestRunner.privateRun(TestRunner.java:782)
  org.testng.TestRunner.run(TestRunner.java:632)
  org.testng.SuiteRunner.runTest(SuiteRunner.java:366)
  org.testng.SuiteRunner.access$000(SuiteRunner.java:39)
  org.testng.SuiteRunner$SuiteWorker.run(SuiteRunner.java:400)
  org.testng.internal.thread.ThreadUtil$2.call(ThreadUtil.java:64)
  java.util.concurrent.FutureTask.run(FutureTask.java:266)
  java.util.concurrent.ThreadPoolExecutor.runWorker(ThreadPoolExecutor.java:1142)
  java.util.concurrent.ThreadPoolExecutor$Worker.run(ThreadPoolExecutor.java:617)
  java.lang.Thread.run(Thread.java:745)
]]>
      </failure>

          </testcase>
  
            <testcase name="loginSuccessFunction" time="0.0" classname="info.catarc.webdriver.testcases.login.LoginPage_004_LoginXXXFunction">
          <skipped />
    </testcase>
  
  
</testsuite>
